0 info it worked if it ends with ok
1 verbose cli [ 'node', '/usr/bin/npm', 'install' ]
2 info using npm@1.1.69
3 info using node@v0.8.19
4 verbose node symlink /usr/bin/node
5 verbose read json /home/bashar/rubyProjects/service-laclasse-startbox/public/package.json
6 warn package.json app@0.0.0 No README.md file found!
7 verbose readDependencies using package.json deps
8 verbose install where, deps [ '/home/bashar/rubyProjects/service-laclasse-startbox/public',
8 verbose install   [ 'grunt',
8 verbose install     'grunt-autoprefixer',
8 verbose install     'grunt-bower-install',
8 verbose install     'grunt-concurrent',
8 verbose install     'grunt-contrib-clean',
8 verbose install     'grunt-contrib-coffee',
8 verbose install     'grunt-contrib-compass',
8 verbose install     'grunt-contrib-concat',
8 verbose install     'grunt-contrib-connect',
8 verbose install     'grunt-contrib-copy',
8 verbose install     'grunt-contrib-cssmin',
8 verbose install     'grunt-contrib-htmlmin',
8 verbose install     'grunt-contrib-imagemin',
8 verbose install     'grunt-contrib-jshint',
8 verbose install     'grunt-contrib-uglify',
8 verbose install     'grunt-contrib-watch',
8 verbose install     'grunt-google-cdn',
8 verbose install     'grunt-newer',
8 verbose install     'grunt-ngmin',
8 verbose install     'grunt-rev',
8 verbose install     'grunt-svgmin',
8 verbose install     'grunt-usemin',
8 verbose install     'jshint-stylish',
8 verbose install     'load-grunt-tasks',
8 verbose install     'time-grunt' ] ]
9 verbose from cache /home/bashar/rubyProjects/service-laclasse-startbox/public/package.json
10 info preinstall app@0.0.0
11 verbose from cache /home/bashar/rubyProjects/service-laclasse-startbox/public/package.json
12 verbose readDependencies using package.json deps
13 verbose cache add [ 'grunt@~0.4.1', null ]
14 silly cache add name=undefined spec="grunt@~0.4.1" args=["grunt@~0.4.1",null]
15 verbose parsed url { pathname: 'grunt@~0.4.1',
15 verbose parsed url   path: 'grunt@~0.4.1',
15 verbose parsed url   href: 'grunt@~0.4.1' }
16 silly cache add name="grunt" spec="~0.4.1" args=["grunt","~0.4.1"]
17 verbose parsed url { pathname: '~0.4.1', path: '~0.4.1', href: '~0.4.1' }
18 verbose addNamed [ 'grunt', '~0.4.1' ]
19 verbose addNamed [ null, '>=0.4.1- <0.5.0-' ]
20 verbose cache add [ 'grunt-autoprefixer@~0.4.0', null ]
21 silly cache add name=undefined spec="grunt-autoprefixer@~0.4.0" args=["grunt-autoprefixer@~0.4.0",null]
22 verbose parsed url { pathname: 'grunt-autoprefixer@~0.4.0',
22 verbose parsed url   path: 'grunt-autoprefixer@~0.4.0',
22 verbose parsed url   href: 'grunt-autoprefixer@~0.4.0' }
23 silly cache add name="grunt-autoprefixer" spec="~0.4.0" args=["grunt-autoprefixer","~0.4.0"]
24 verbose parsed url { pathname: '~0.4.0', path: '~0.4.0', href: '~0.4.0' }
25 verbose addNamed [ 'grunt-autoprefixer', '~0.4.0' ]
26 verbose addNamed [ null, '>=0.4.0- <0.5.0-' ]
27 silly lockFile 766a3bd3-grunt-0-4-1 grunt@~0.4.1
28 verbose lock grunt@~0.4.1 /home/bashar/.npm/766a3bd3-grunt-0-4-1.lock
29 silly lockFile 7c04b00b-grunt-autoprefixer-0-4-0 grunt-autoprefixer@~0.4.0
30 verbose lock grunt-autoprefixer@~0.4.0 /home/bashar/.npm/7c04b00b-grunt-autoprefixer-0-4-0.lock
31 silly lockFile 766a3bd3-grunt-0-4-1 grunt@~0.4.1
32 silly lockFile 7c04b00b-grunt-autoprefixer-0-4-0 grunt-autoprefixer@~0.4.0
33 error Error: EACCES, open '/home/bashar/.npm/766a3bd3-grunt-0-4-1.lock'
33 error  { [Error: EACCES, open '/home/bashar/.npm/766a3bd3-grunt-0-4-1.lock']
33 error   errno: 3,
33 error   code: 'EACCES',
33 error   path: '/home/bashar/.npm/766a3bd3-grunt-0-4-1.lock' }
34 error Please try running this command again as root/Administrator.
35 error System Linux 3.5.0-24-generic
36 error command "node" "/usr/bin/npm" "install"
37 error cwd /home/bashar/rubyProjects/service-laclasse-startbox/public
38 error node -v v0.8.19
39 error npm -v 1.1.69
40 error path /home/bashar/.npm/766a3bd3-grunt-0-4-1.lock
41 error code EACCES
42 error errno 3
43 error stack Error: EACCES, open '/home/bashar/.npm/766a3bd3-grunt-0-4-1.lock'
44 verbose exit [ 3, true ]
